<?xml version="1.0" encoding="UTF-8"?>
<testsuite xmlns:xsi="http://www.w3.org/2001/XMLSchema-instance" xsi:noNamespaceSchemaLocation="https://maven.apache.org/surefire/maven-surefire-plugin/xsd/surefire-test-report.xsd" version="3.0.1" name="io.jenkins.plugins.api_plugin.InjectedTest" time="9.162" tests="5" errors="0" skipped="0" failures="0">
  <properties>
    <property name="java.specification.version" value="21"/>
    <property name="sun.cpu.isalist" value="amd64"/>
    <property name="sun.jnu.encoding" value="Cp1252"/>
    <property name="java.class.path" value="D:\JenkinsPlugin\api-plugin\target\test-classes;D:\JenkinsPlugin\api-plugin\target\classes;C:\Users\YT-Prakash\.m2\repository\org\jenkins-ci\main\jenkins-core\2.470\jenkins-core-2.470.jar;C:\Users\YT-Prakash\.m2\repository\org\jenkins-ci\main\cli\2.470\cli-2.470.jar;C:\Users\YT-Prakash\.m2\repository\org\jenkins-ci\main\remoting\3256.v88a_f6e922152\remoting-3256.v88a_f6e922152.jar;C:\Users\YT-Prakash\.m2\repository\args4j\args4j\2.33\args4j-2.33.jar;C:\Users\YT-Prakash\.m2\repository\com\github\spotbugs\spotbugs-annotations\4.8.6\spotbugs-annotations-4.8.6.jar;C:\Users\YT-Prakash\.m2\repository\com\google\guava\guava\33.2.1-jre\guava-33.2.1-jre.jar;C:\Users\YT-Prakash\.m2\repository\com\google\guava\failureaccess\1.0.2\failureaccess-1.0.2.jar;C:\Users\YT-Prakash\.m2\repository\com\google\guava\listenablefuture\9999.0-empty-to-avoid-conflict-with-guava\listenablefuture-9999.0-empty-to-avoid-conflict-with-guava.jar;C:\Users\YT-Prakash\.m2\repository\com\google\code\findbugs\jsr305\3.0.1\jsr305-3.0.1.jar;C:\Users\YT-Prakash\.m2\repository\com\google\inject\guice\6.0.0\guice-6.0.0.jar;C:\Users\YT-Prakash\.m2\repository\javax\inject\javax.inject\1\javax.inject-1.jar;C:\Users\YT-Prakash\.m2\repository\jakarta\inject\jakarta.inject-api\2.0.1\jakarta.inject-api-2.0.1.jar;C:\Users\YT-Prakash\.m2\repository\com\infradna\tool\bridge-method-annotation\1.29\bridge-method-annotation-1.29.jar;C:\Users\YT-Prakash\.m2\repository\com\jcraft\jzlib\1.1.3-kohsuke-1\jzlib-1.1.3-kohsuke-1.jar;C:\Users\YT-Prakash\.m2\repository\com\sun\solaris\embedded_su4j\1.1\embedded_su4j-1.1.jar;C:\Users\YT-Prakash\.m2\repository\com\sun\xml\txw2\txw2\20110809\txw2-20110809.jar;C:\Users\YT-Prakash\.m2\repository\relaxngDatatype\relaxngDatatype\20020414\relaxngDatatype-20020414.jar;C:\Users\YT-Prakash\.m2\repository\com\thoughtworks\xstream\xstream\1.4.20\xstream-1.4.20.jar;C:\Users\YT-Prakash\.m2\repository\io\github\x-stream\mxparser\1.2.2\mxparser-1.2.2.jar;C:\Users\YT-Prakash\.m2\repository\commons-beanutils\commons-beanutils\1.9.4\commons-beanutils-1.9.4.jar;C:\Users\YT-Prakash\.m2\repository\commons-codec\commons-codec\1.17.1\commons-codec-1.17.1.jar;C:\Users\YT-Prakash\.m2\repository\commons-collections\commons-collections\3.2.2\commons-collections-3.2.2.jar;C:\Users\YT-Prakash\.m2\repository\commons-jelly\commons-jelly-tags-fmt\1.0\commons-jelly-tags-fmt-1.0.jar;C:\Users\YT-Prakash\.m2\repository\commons-jelly\commons-jelly-tags-xml\1.1\commons-jelly-tags-xml-1.1.jar;C:\Users\YT-Prakash\.m2\repository\commons-lang\commons-lang\2.6\commons-lang-2.6.jar;C:\Users\YT-Prakash\.m2\repository\io\jenkins\stapler\jenkins-stapler-support\1.1\jenkins-stapler-support-1.1.jar;C:\Users\YT-Prakash\.m2\repository\jakarta\servlet\jsp\jstl\jakarta.servlet.jsp.jstl-api\1.2.7\jakarta.servlet.jsp.jstl-api-1.2.7.jar;C:\Users\YT-Prakash\.m2\repository\jaxen\jaxen\2.0.0\jaxen-2.0.0.jar;C:\Users\YT-Prakash\.m2\repository\jline\jline\2.14.6\jline-2.14.6.jar;C:\Users\YT-Prakash\.m2\repository\net\java\dev\jna\jna\5.14.0\jna-5.14.0.jar;C:\Users\YT-Prakash\.m2\repository\net\java\sezpoz\sezpoz\1.13\sezpoz-1.13.jar;C:\Users\YT-Prakash\.m2\repository\net\jcip\jcip-annotations\1.0\jcip-annotations-1.0.jar;C:\Users\YT-Prakash\.m2\repository\org\antlr\antlr4-runtime\4.13.1\antlr4-runtime-4.13.1.jar;C:\Users\YT-Prakash\.m2\repository\org\apache\ant\ant\1.10.14\ant-1.10.14.jar;C:\Users\YT-Prakash\.m2\repository\org\apache\ant\ant-launcher\1.10.14\ant-launcher-1.10.14.jar;C:\Users\YT-Prakash\.m2\repository\org\apache\commons\commons-compress\1.26.1\commons-compress-1.26.1.jar;C:\Users\YT-Prakash\.m2\repository\org\apache\commons\commons-fileupload2-core\2.0.0-M2\commons-fileupload2-core-2.0.0-M2.jar;C:\Users\YT-Prakash\.m2\repository\org\apache\commons\commons-fileupload2-javax\2.0.0-M2\commons-fileupload2-javax-2.0.0-M2.jar;C:\Users\YT-Prakash\.m2\repository\org\codehaus\groovy\groovy-all\2.4.21\groovy-all-2.4.21.jar;C:\Users\YT-Prakash\.m2\repository\org\connectbot\jbcrypt\1.0.2\jbcrypt-1.0.2.jar;C:\Users\YT-Prakash\.m2\repository\org\fusesource\jansi\jansi\1.11\jansi-1.11.jar;C:\Users\YT-Prakash\.m2\repository\org\jenkins-ci\annotation-indexer\1.17\annotation-indexer-1.17.jar;C:\Users\YT-Prakash\.m2\repository\org\jenkins-ci\commons-jexl\1.1-jenkins-20111212\commons-jexl-1.1-jenkins-20111212.jar;C:\Users\YT-Prakash\.m2\repository\org\jenkins-ci\crypto-util\1.9\crypto-util-1.9.jar;C:\Users\YT-Prakash\.m2\repository\org\jenkins-ci\memory-monitor\1.12\memory-monitor-1.12.jar;C:\Users\YT-Prakash\.m2\repository\org\jenkins-ci\symbol-annotation\1.24\symbol-annotation-1.24.jar;C:\Users\YT-Prakash\.m2\repository\org\jenkins-ci\task-reactor\1.8\task-reactor-1.8.jar;C:\Users\YT-Prakash\.m2\repository\org\jenkins-ci\version-number\1.11\version-number-1.11.jar;C:\Users\YT-Prakash\.m2\repository\org\jenkins-ci\main\websocket-spi\2.470\websocket-spi-2.470.jar;C:\Users\YT-Prakash\.m2\repository\org\jfree\jfreechart\1.0.19\jfreechart-1.0.19.jar;C:\Users\YT-Prakash\.m2\repository\org\jfree\jcommon\1.0.23\jcommon-1.0.23.jar;C:\Users\YT-Prakash\.m2\repository\org\jvnet\hudson\commons-jelly-tags-define\1.1-jenkins-20240510\commons-jelly-tags-define-1.1-jenkins-20240510.jar;C:\Users\YT-Prakash\.m2\repository\org\jvnet\localizer\localizer\1.31\localizer-1.31.jar;C:\Users\YT-Prakash\.m2\repository\org\jvnet\robust-http-client\robust-http-client\1.2\robust-http-client-1.2.jar;C:\Users\YT-Prakash\.m2\repository\org\jvnet\winp\winp\1.30\winp-1.30.jar;C:\Users\YT-Prakash\.m2\repository\org\kohsuke\access-modifier-annotation\1.33\access-modifier-annotation-1.33.jar;C:\Users\YT-Prakash\.m2\repository\org\kohsuke\windows-package-checker\1.2\windows-package-checker-1.2.jar;C:\Users\YT-Prakash\.m2\repository\org\kohsuke\jinterop\j-interop\2.0.8-kohsuke-1\j-interop-2.0.8-kohsuke-1.jar;C:\Users\YT-Prakash\.m2\repository\org\kohsuke\jinterop\j-interopdeps\2.0.8-kohsuke-1\j-interopdeps-2.0.8-kohsuke-1.jar;C:\Users\YT-Prakash\.m2\repository\org\samba\jcifs\jcifs\1.3.18-kohsuke-1\jcifs-1.3.18-kohsuke-1.jar;C:\Users\YT-Prakash\.m2\repository\org\kohsuke\stapler\json-lib\2.4-jenkins-7\json-lib-2.4-jenkins-7.jar;C:\Users\YT-Prakash\.m2\repository\org\kohsuke\stapler\stapler\1892.v73465f3d074d\stapler-1892.v73465f3d074d.jar;C:\Users\YT-Prakash\.m2\repository\commons-discovery\commons-discovery\0.5\commons-discovery-0.5.jar;C:\Users\YT-Prakash\.m2\repository\jakarta\annotation\jakarta.annotation-api\3.0.0\jakarta.annotation-api-3.0.0.jar;C:\Users\YT-Prakash\.m2\repository\javax\annotation\javax.annotation-api\1.3.2\javax.annotation-api-1.3.2.jar;C:\Users\YT-Prakash\.m2\repository\org\jvnet\tiger-types\2.2\tiger-types-2.2.jar;C:\Users\YT-Prakash\.m2\repository\org\kohsuke\stapler\stapler-adjunct-codemirror\1.3\stapler-adjunct-codemirror-1.3.jar;C:\Users\YT-Prakash\.m2\repository\org\kohsuke\stapler\stapler-groovy\1892.v73465f3d074d\stapler-groovy-1892.v73465f3d074d.jar;C:\Users\YT-Prakash\.m2\repository\org\kohsuke\stapler\stapler-jelly\1892.v73465f3d074d\stapler-jelly-1892.v73465f3d074d.jar;C:\Users\YT-Prakash\.m2\repository\org\dom4j\dom4j\2.1.4\dom4j-2.1.4.jar;C:\Users\YT-Prakash\.m2\repository\org\jenkins-ci\commons-jelly\1.1-jenkins-20240510\commons-jelly-1.1-jenkins-20240510.jar;C:\Users\YT-Prakash\.m2\repository\org\slf4j\jcl-over-slf4j\2.0.13\jcl-over-slf4j-2.0.13.jar;C:\Users\YT-Prakash\.m2\repository\org\slf4j\log4j-over-slf4j\2.0.13\log4j-over-slf4j-2.0.13.jar;C:\Users\YT-Prakash\.m2\repository\org\springframework\security\spring-security-web\5.8.13\spring-security-web-5.8.13.jar;C:\Users\YT-Prakash\.m2\repository\org\springframework\security\spring-security-core\5.8.13\spring-security-core-5.8.13.jar;C:\Users\YT-Prakash\.m2\repository\org\springframework\security\spring-security-crypto\5.8.13\spring-security-crypto-5.8.13.jar;C:\Users\YT-Prakash\.m2\repository\org\springframework\spring-core\5.3.37\spring-core-5.3.37.jar;C:\Users\YT-Prakash\.m2\repository\org\springframework\spring-aop\5.3.37\spring-aop-5.3.37.jar;C:\Users\YT-Prakash\.m2\repository\org\springframework\spring-beans\5.3.37\spring-beans-5.3.37.jar;C:\Users\YT-Prakash\.m2\repository\org\springframework\spring-context\5.3.37\spring-context-5.3.37.jar;C:\Users\YT-Prakash\.m2\repository\org\springframework\spring-expression\5.3.37\spring-expression-5.3.37.jar;C:\Users\YT-Prakash\.m2\repository\org\springframework\spring-web\5.3.37\spring-web-5.3.37.jar;C:\Users\YT-Prakash\.m2\repository\xpp3\xpp3\1.1.4c\xpp3-1.1.4c.jar;C:\Users\YT-Prakash\.m2\repository\org\jenkins-ci\plugins\structs\338.v848422169819\structs-338.v848422169819.jar;C:\Users\YT-Prakash\.m2\repository\org\jenkins-ci\plugins\workflow\workflow-basic-steps\1058.vcb_fc1e3a_21a_9\workflow-basic-steps-1058.vcb_fc1e3a_21a_9.jar;C:\Users\YT-Prakash\.m2\repository\io\jenkins\plugins\jakarta-mail-api\2.1.3-1\jakarta-mail-api-2.1.3-1.jar;C:\Users\YT-Prakash\.m2\repository\io\jenkins\plugins\jakarta-activation-api\2.1.3-1\jakarta-activation-api-2.1.3-1.jar;C:\Users\YT-Prakash\.m2\repository\jakarta\activation\jakarta.activation-api\2.1.3\jakarta.activation-api-2.1.3.jar;C:\Users\YT-Prakash\.m2\repository\org\eclipse\angus\angus-activation\2.0.2\angus-activation-2.0.2.jar;C:\Users\YT-Prakash\.m2\repository\jakarta\mail\jakarta.mail-api\2.1.3\jakarta.mail-api-2.1.3.jar;C:\Users\YT-Prakash\.m2\repository\org\eclipse\angus\angus-mail\2.0.3\angus-mail-2.0.3.jar;C:\Users\YT-Prakash\.m2\repository\org\jenkins-ci\plugins\workflow\workflow-step-api\678.v3ee58b_469476\workflow-step-api-678.v3ee58b_469476.jar;C:\Users\YT-Prakash\.m2\repository\org\jenkins-ci\plugins\mailer\470.vc91f60c5d8e2\mailer-470.vc91f60c5d8e2.jar;C:\Users\YT-Prakash\.m2\repository\org\jenkins-ci\plugins\display-url-api\2.204.vf6fddd8a_8b_e9\display-url-api-2.204.vf6fddd8a_8b_e9.jar;C:\Users\YT-Prakash\.m2\repository\org\jenkins-ci\modules\instance-identity\185.v303dc7c645f9\instance-identity-185.v303dc7c645f9.jar;C:\Users\YT-Prakash\.m2\repository\org\jenkins-ci\plugins\bouncycastle-api\2.30.1.78.1-248.ve27176eb_46cb_\bouncycastle-api-2.30.1.78.1-248.ve27176eb_46cb_.jar;C:\Users\YT-Prakash\.m2\repository\org\bouncycastle\bcpkix-jdk18on\1.78.1\bcpkix-jdk18on-1.78.1.jar;C:\Users\YT-Prakash\.m2\repository\org\bouncycastle\bcprov-jdk18on\1.78.1\bcprov-jdk18on-1.78.1.jar;C:\Users\YT-Prakash\.m2\repository\org\bouncycastle\bcutil-jdk18on\1.78.1\bcutil-jdk18on-1.78.1.jar;C:\Users\YT-Prakash\.m2\repository\org\jenkins-ci\plugins\workflow\workflow-api\1322.v857eeeea_9902\workflow-api-1322.v857eeeea_9902.jar;C:\Users\YT-Prakash\.m2\repository\org\jenkins-ci\plugins\apache-httpcomponents-client-4-api\4.5.14-208.v438351942757\apache-httpcomponents-client-4-api-4.5.14-208.v438351942757.jar;C:\Users\YT-Prakash\.m2\repository\org\apache\httpcomponents\fluent-hc\4.5.14\fluent-hc-4.5.14.jar;C:\Users\YT-Prakash\.m2\repository\org\apache\httpcomponents\httpasyncclient\4.1.5\httpasyncclient-4.1.5.jar;C:\Users\YT-Prakash\.m2\repository\org\apache\httpcomponents\httpasyncclient-cache\4.1.5\httpasyncclient-cache-4.1.5.jar;C:\Users\YT-Prakash\.m2\repository\org\apache\httpcomponents\httpclient\4.5.14\httpclient-4.5.14.jar;C:\Users\YT-Prakash\.m2\repository\org\apache\httpcomponents\httpclient-cache\4.5.14\httpclient-cache-4.5.14.jar;C:\Users\YT-Prakash\.m2\repository\org\apache\httpcomponents\httpcore\4.4.16\httpcore-4.4.16.jar;C:\Users\YT-Prakash\.m2\repository\org\apache\httpcomponents\httpcore-nio\4.4.16\httpcore-nio-4.4.16.jar;C:\Users\YT-Prakash\.m2\repository\org\apache\httpcomponents\httpmime\4.5.14\httpmime-4.5.14.jar;C:\Users\YT-Prakash\.m2\repository\org\jenkins-ci\plugins\workflow\workflow-cps\3908.vd6b_b_5a_a_54010\workflow-cps-3908.vd6b_b_5a_a_54010.jar;C:\Users\YT-Prakash\.m2\repository\io\jenkins\plugins\ionicons-api\74.v93d5eb_813d5f\ionicons-api-74.v93d5eb_813d5f.jar;C:\Users\YT-Prakash\.m2\repository\org\jenkins-ci\plugins\workflow\workflow-support\920.v59f71ce16f04\workflow-support-920.v59f71ce16f04.jar;C:\Users\YT-Prakash\.m2\repository\io\jenkins\plugins\caffeine-api\3.1.8-133.v17b_1ff2e0599\caffeine-api-3.1.8-133.v17b_1ff2e0599.jar;C:\Users\YT-Prakash\.m2\repository\com\github\ben-manes\caffeine\caffeine\3.1.8\caffeine-3.1.8.jar;C:\Users\YT-Prakash\.m2\repository\org\jboss\marshalling\jboss-marshalling-river\2.1.3.Final\jboss-marshalling-river-2.1.3.Final.jar;C:\Users\YT-Prakash\.m2\repository\org\jboss\marshalling\jboss-marshalling\2.1.3.Final\jboss-marshalling-2.1.3.Final.jar;C:\Users\YT-Prakash\.m2\repository\org\jenkins-ci\plugins\workflow\workflow-scm-step\427.v4ca_6512e7df1\workflow-scm-step-427.v4ca_6512e7df1.jar;C:\Users\YT-Prakash\.m2\repository\org\jenkins-ci\plugins\script-security\1341.va_2819b_414686\script-security-1341.va_2819b_414686.jar;C:\Users\YT-Prakash\.m2\repository\org\kohsuke\groovy-sandbox\1.34\groovy-sandbox-1.34.jar;C:\Users\YT-Prakash\.m2\repository\org\jenkins-ci\plugins\scm-api\690.vfc8b_54395023\scm-api-690.vfc8b_54395023.jar;C:\Users\YT-Prakash\.m2\repository\io\jenkins\plugins\asm-api\9.7-33.v4d23ef79fcc8\asm-api-9.7-33.v4d23ef79fcc8.jar;C:\Users\YT-Prakash\.m2\repository\org\ow2\asm\asm\9.5\asm-9.5.jar;C:\Users\YT-Prakash\.m2\repository\org\ow2\asm\asm-analysis\9.7\asm-analysis-9.7.jar;C:\Users\YT-Prakash\.m2\repository\org\ow2\asm\asm-commons\9.7\asm-commons-9.7.jar;C:\Users\YT-Prakash\.m2\repository\org\ow2\asm\asm-tree\9.7\asm-tree-9.7.jar;C:\Users\YT-Prakash\.m2\repository\org\ow2\asm\asm-util\9.7\asm-util-9.7.jar;C:\Users\YT-Prakash\.m2\repository\com\cloudbees\groovy-cps\3908.vd6b_b_5a_a_54010\groovy-cps-3908.vd6b_b_5a_a_54010.jar;C:\Users\YT-Prakash\.m2\repository\com\cloudbees\diff4j\1.3\diff4j-1.3.jar;C:\Users\YT-Prakash\.m2\repository\org\jenkins-ci\plugins\workflow\workflow-durable-task-step\1331.vc8c2fed35334\workflow-durable-task-step-1331.vc8c2fed35334.jar;C:\Users\YT-Prakash\.m2\repository\org\jenkins-ci\plugins\durable-task\555.v6802fe0f0b_82\durable-task-555.v6802fe0f0b_82.jar;C:\Users\YT-Prakash\.m2\repository\io\jenkins\plugins\lib-durable-task\48.v72b_86b_9ca_8e1\lib-durable-task-48.v72b_86b_9ca_8e1.jar;C:\Users\YT-Prakash\.m2\repository\org\jenkins-ci\plugins\workflow\workflow-job\1385.vb_58b_86ea_fff1\workflow-job-1385.vb_58b_86ea_fff1.jar;C:\Users\YT-Prakash\.m2\repository\org\apache\httpcomponents\client5\httpclient5\5.3.1\httpclient5-5.3.1.jar;C:\Users\YT-Prakash\.m2\repository\org\apache\httpcomponents\core5\httpcore5\5.2.4\httpcore5-5.2.4.jar;C:\Users\YT-Prakash\.m2\repository\org\apache\httpcomponents\core5\httpcore5-h2\5.2.4\httpcore5-h2-5.2.4.jar;C:\Users\YT-Prakash\.m2\repository\org\slf4j\slf4j-api\2.0.13\slf4j-api-2.0.13.jar;C:\Users\YT-Prakash\.m2\repository\commons-io\commons-io\2.16.1\commons-io-2.16.1.jar;C:\Users\YT-Prakash\.m2\repository\org\json\json\20240303\json-20240303.jar;C:\Users\YT-Prakash\.m2\repository\org\jenkins-ci\main\jenkins-war\2.470\jenkins-war-2.470.war;C:\Users\YT-Prakash\.m2\repository\org\jenkins-ci\main\websocket-jetty10\2.470\websocket-jetty10-2.470.jar;C:\Users\YT-Prakash\.m2\repository\org\slf4j\slf4j-jdk14\2.0.13\slf4j-jdk14-2.0.13.jar;C:\Users\YT-Prakash\.m2\repository\jakarta\servlet\jakarta.servlet-api\4.0.4\jakarta.servlet-api-4.0.4.jar;C:\Users\YT-Prakash\.m2\repository\commons-logging\commons-logging\1.3.3\commons-logging-1.3.3.jar;C:\Users\YT-Prakash\.m2\repository\org\jenkins-ci\main\jenkins-test-harness\2225.2227.vfc00092c557a_\jenkins-test-harness-2225.2227.vfc00092c557a_.jar;C:\Users\YT-Prakash\.m2\repository\io\jenkins\lib\support-log-formatter\1.2\support-log-formatter-1.2.jar;C:\Users\YT-Prakash\.m2\repository\junit\junit\4.13.2\junit-4.13.2.jar;C:\Users\YT-Prakash\.m2\repository\org\hamcrest\hamcrest-core\2.2\hamcrest-core-2.2.jar;C:\Users\YT-Prakash\.m2\repository\org\eclipse\jetty\jetty-security\10.0.21\jetty-security-10.0.21.jar;C:\Users\YT-Prakash\.m2\repository\org\eclipse\jetty\jetty-server\10.0.21\jetty-server-10.0.21.jar;C:\Users\YT-Prakash\.m2\repository\org\eclipse\jetty\jetty-http\10.0.21\jetty-http-10.0.21.jar;C:\Users\YT-Prakash\.m2\repository\org\eclipse\jetty\jetty-io\10.0.21\jetty-io-10.0.21.jar;C:\Users\YT-Prakash\.m2\repository\org\eclipse\jetty\jetty-webapp\10.0.21\jetty-webapp-10.0.21.jar;C:\Users\YT-Prakash\.m2\repository\org\eclipse\jetty\jetty-servlet\10.0.21\jetty-servlet-10.0.21.jar;C:\Users\YT-Prakash\.m2\repository\org\eclipse\jetty\jetty-xml\10.0.21\jetty-xml-10.0.21.jar;C:\Users\YT-Prakash\.m2\repository\org\eclipse\jetty\jetty-util\10.0.21\jetty-util-10.0.21.jar;C:\Users\YT-Prakash\.m2\repository\org\eclipse\jetty\websocket\websocket-jetty-server\10.0.21\websocket-jetty-server-10.0.21.jar;C:\Users\YT-Prakash\.m2\repository\org\eclipse\jetty\toolchain\jetty-servlet-api\4.0.6\jetty-servlet-api-4.0.6.jar;C:\Users\YT-Prakash\.m2\repository\org\eclipse\jetty\websocket\websocket-jetty-api\10.0.21\websocket-jetty-api-10.0.21.jar;C:\Users\YT-Prakash\.m2\repository\org\eclipse\jetty\websocket\websocket-jetty-common\10.0.21\websocket-jetty-common-10.0.21.jar;C:\Users\YT-Prakash\.m2\repository\org\eclipse\jetty\websocket\websocket-core-common\10.0.21\websocket-core-common-10.0.21.jar;C:\Users\YT-Prakash\.m2\repository\org\eclipse\jetty\websocket\websocket-servlet\10.0.21\websocket-servlet-10.0.21.jar;C:\Users\YT-Prakash\.m2\repository\org\eclipse\jetty\websocket\websocket-core-server\10.0.21\websocket-core-server-10.0.21.jar;C:\Users\YT-Prakash\.m2\repository\org\hamcrest\hamcrest\2.2\hamcrest-2.2.jar;C:\Users\YT-Prakash\.m2\repository\org\jenkins-ci\main\jenkins-test-harness-htmlunit\183.v9742e5ca_c784\jenkins-test-harness-htmlunit-183.v9742e5ca_c784.jar;C:\Users\YT-Prakash\.m2\repository\org\junit\jupiter\junit-jupiter-api\5.10.3\junit-jupiter-api-5.10.3.jar;C:\Users\YT-Prakash\.m2\repository\org\opentest4j\opentest4j\1.3.0\opentest4j-1.3.0.jar;C:\Users\YT-Prakash\.m2\repository\org\junit\platform\junit-platform-commons\1.10.3\junit-platform-commons-1.10.3.jar;C:\Users\YT-Prakash\.m2\repository\org\netbeans\modules\org-netbeans-insane\RELEASE200\org-netbeans-insane-RELEASE200.jar;C:\Users\YT-Prakash\.m2\repository\org\openjdk\jmh\jmh-core\1.37\jmh-core-1.37.jar;C:\Users\YT-Prakash\.m2\repository\net\sf\jopt-simple\jopt-simple\5.0.4\jopt-simple-5.0.4.jar;C:\Users\YT-Prakash\.m2\repository\org\apache\commons\commons-math3\3.6.1\commons-math3-3.6.1.jar;C:\Users\YT-Prakash\.m2\repository\org\openjdk\jmh\jmh-generator-annprocess\1.37\jmh-generator-annprocess-1.37.jar;C:\Users\YT-Prakash\.m2\repository\org\jenkins-ci\test-annotations\1.4\test-annotations-1.4.jar;C:\Users\YT-Prakash\.m2\repository\org\junit\jupiter\junit-jupiter\5.10.3\junit-jupiter-5.10.3.jar;C:\Users\YT-Prakash\.m2\repository\org\junit\jupiter\junit-jupiter-params\5.10.3\junit-jupiter-params-5.10.3.jar;C:\Users\YT-Prakash\.m2\repository\org\junit\jupiter\junit-jupiter-engine\5.10.3\junit-jupiter-engine-5.10.3.jar;C:\Users\YT-Prakash\.m2\repository\org\junit\vintage\junit-vintage-engine\5.10.3\junit-vintage-engine-5.10.3.jar;C:\Users\YT-Prakash\.m2\repository\org\junit\platform\junit-platform-engine\1.10.3\junit-platform-engine-1.10.3.jar;C:\Users\YT-Prakash\.m2\repository\org\apiguardian\apiguardian-api\1.1.2\apiguardian-api-1.1.2.jar;"/>
    <property name="java.vm.vendor" value="Oracle Corporation"/>
    <property name="sun.arch.data.model" value="64"/>
    <property name="user.variant" value=""/>
    <property name="java.vendor.url" value="https://java.oracle.com/"/>
    <property name="user.timezone" value="Asia/Calcutta"/>
    <property name="os.name" value="Windows 11"/>
    <property name="java.vm.specification.version" value="21"/>
    <property name="user.country" value="US"/>
    <property name="sun.java.launcher" value="SUN_STANDARD"/>
    <property name="sun.boot.library.path" value="C:\Program Files\Java\jdk-21\bin"/>
    <property name="sun.java.command" value="C:\Users\YT-Prakash\AppData\Local\Temp\surefire8732941693311025870\surefirebooter-20240731144830972_3.jar C:\Users\YT-Prakash\AppData\Local\Temp\surefire8732941693311025870 2024-07-31T14-48-29_723-jvmRun1 surefire-20240731144830972_1tmp surefire_0-20240731144830972_2tmp"/>
    <property name="jdk.debug" value="release"/>
    <property name="surefire.test.class.path" value="D:\JenkinsPlugin\api-plugin\target\test-classes;D:\JenkinsPlugin\api-plugin\target\classes;C:\Users\YT-Prakash\.m2\repository\org\jenkins-ci\main\jenkins-core\2.470\jenkins-core-2.470.jar;C:\Users\YT-Prakash\.m2\repository\org\jenkins-ci\main\cli\2.470\cli-2.470.jar;C:\Users\YT-Prakash\.m2\repository\org\jenkins-ci\main\remoting\3256.v88a_f6e922152\remoting-3256.v88a_f6e922152.jar;C:\Users\YT-Prakash\.m2\repository\args4j\args4j\2.33\args4j-2.33.jar;C:\Users\YT-Prakash\.m2\repository\com\github\spotbugs\spotbugs-annotations\4.8.6\spotbugs-annotations-4.8.6.jar;C:\Users\YT-Prakash\.m2\repository\com\google\guava\guava\33.2.1-jre\guava-33.2.1-jre.jar;C:\Users\YT-Prakash\.m2\repository\com\google\guava\failureaccess\1.0.2\failureaccess-1.0.2.jar;C:\Users\YT-Prakash\.m2\repository\com\google\guava\listenablefuture\9999.0-empty-to-avoid-conflict-with-guava\listenablefuture-9999.0-empty-to-avoid-conflict-with-guava.jar;C:\Users\YT-Prakash\.m2\repository\com\google\code\findbugs\jsr305\3.0.1\jsr305-3.0.1.jar;C:\Users\YT-Prakash\.m2\repository\com\google\inject\guice\6.0.0\guice-6.0.0.jar;C:\Users\YT-Prakash\.m2\repository\javax\inject\javax.inject\1\javax.inject-1.jar;C:\Users\YT-Prakash\.m2\repository\jakarta\inject\jakarta.inject-api\2.0.1\jakarta.inject-api-2.0.1.jar;C:\Users\YT-Prakash\.m2\repository\com\infradna\tool\bridge-method-annotation\1.29\bridge-method-annotation-1.29.jar;C:\Users\YT-Prakash\.m2\repository\com\jcraft\jzlib\1.1.3-kohsuke-1\jzlib-1.1.3-kohsuke-1.jar;C:\Users\YT-Prakash\.m2\repository\com\sun\solaris\embedded_su4j\1.1\embedded_su4j-1.1.jar;C:\Users\YT-Prakash\.m2\repository\com\sun\xml\txw2\txw2\20110809\txw2-20110809.jar;C:\Users\YT-Prakash\.m2\repository\relaxngDatatype\relaxngDatatype\20020414\relaxngDatatype-20020414.jar;C:\Users\YT-Prakash\.m2\repository\com\thoughtworks\xstream\xstream\1.4.20\xstream-1.4.20.jar;C:\Users\YT-Prakash\.m2\repository\io\github\x-stream\mxparser\1.2.2\mxparser-1.2.2.jar;C:\Users\YT-Prakash\.m2\repository\commons-beanutils\commons-beanutils\1.9.4\commons-beanutils-1.9.4.jar;C:\Users\YT-Prakash\.m2\repository\commons-codec\commons-codec\1.17.1\commons-codec-1.17.1.jar;C:\Users\YT-Prakash\.m2\repository\commons-collections\commons-collections\3.2.2\commons-collections-3.2.2.jar;C:\Users\YT-Prakash\.m2\repository\commons-jelly\commons-jelly-tags-fmt\1.0\commons-jelly-tags-fmt-1.0.jar;C:\Users\YT-Prakash\.m2\repository\commons-jelly\commons-jelly-tags-xml\1.1\commons-jelly-tags-xml-1.1.jar;C:\Users\YT-Prakash\.m2\repository\commons-lang\commons-lang\2.6\commons-lang-2.6.jar;C:\Users\YT-Prakash\.m2\repository\io\jenkins\stapler\jenkins-stapler-support\1.1\jenkins-stapler-support-1.1.jar;C:\Users\YT-Prakash\.m2\repository\jakarta\servlet\jsp\jstl\jakarta.servlet.jsp.jstl-api\1.2.7\jakarta.servlet.jsp.jstl-api-1.2.7.jar;C:\Users\YT-Prakash\.m2\repository\jaxen\jaxen\2.0.0\jaxen-2.0.0.jar;C:\Users\YT-Prakash\.m2\repository\jline\jline\2.14.6\jline-2.14.6.jar;C:\Users\YT-Prakash\.m2\repository\net\java\dev\jna\jna\5.14.0\jna-5.14.0.jar;C:\Users\YT-Prakash\.m2\repository\net\java\sezpoz\sezpoz\1.13\sezpoz-1.13.jar;C:\Users\YT-Prakash\.m2\repository\net\jcip\jcip-annotations\1.0\jcip-annotations-1.0.jar;C:\Users\YT-Prakash\.m2\repository\org\antlr\antlr4-runtime\4.13.1\antlr4-runtime-4.13.1.jar;C:\Users\YT-Prakash\.m2\repository\org\apache\ant\ant\1.10.14\ant-1.10.14.jar;C:\Users\YT-Prakash\.m2\repository\org\apache\ant\ant-launcher\1.10.14\ant-launcher-1.10.14.jar;C:\Users\YT-Prakash\.m2\repository\org\apache\commons\commons-compress\1.26.1\commons-compress-1.26.1.jar;C:\Users\YT-Prakash\.m2\repository\org\apache\commons\commons-fileupload2-core\2.0.0-M2\commons-fileupload2-core-2.0.0-M2.jar;C:\Users\YT-Prakash\.m2\repository\org\apache\commons\commons-fileupload2-javax\2.0.0-M2\commons-fileupload2-javax-2.0.0-M2.jar;C:\Users\YT-Prakash\.m2\repository\org\codehaus\groovy\groovy-all\2.4.21\groovy-all-2.4.21.jar;C:\Users\YT-Prakash\.m2\repository\org\connectbot\jbcrypt\1.0.2\jbcrypt-1.0.2.jar;C:\Users\YT-Prakash\.m2\repository\org\fusesource\jansi\jansi\1.11\jansi-1.11.jar;C:\Users\YT-Prakash\.m2\repository\org\jenkins-ci\annotation-indexer\1.17\annotation-indexer-1.17.jar;C:\Users\YT-Prakash\.m2\repository\org\jenkins-ci\commons-jexl\1.1-jenkins-20111212\commons-jexl-1.1-jenkins-20111212.jar;C:\Users\YT-Prakash\.m2\repository\org\jenkins-ci\crypto-util\1.9\crypto-util-1.9.jar;C:\Users\YT-Prakash\.m2\repository\org\jenkins-ci\memory-monitor\1.12\memory-monitor-1.12.jar;C:\Users\YT-Prakash\.m2\repository\org\jenkins-ci\symbol-annotation\1.24\symbol-annotation-1.24.jar;C:\Users\YT-Prakash\.m2\repository\org\jenkins-ci\task-reactor\1.8\task-reactor-1.8.jar;C:\Users\YT-Prakash\.m2\repository\org\jenkins-ci\version-number\1.11\version-number-1.11.jar;C:\Users\YT-Prakash\.m2\repository\org\jenkins-ci\main\websocket-spi\2.470\websocket-spi-2.470.jar;C:\Users\YT-Prakash\.m2\repository\org\jfree\jfreechart\1.0.19\jfreechart-1.0.19.jar;C:\Users\YT-Prakash\.m2\repository\org\jfree\jcommon\1.0.23\jcommon-1.0.23.jar;C:\Users\YT-Prakash\.m2\repository\org\jvnet\hudson\commons-jelly-tags-define\1.1-jenkins-20240510\commons-jelly-tags-define-1.1-jenkins-20240510.jar;C:\Users\YT-Prakash\.m2\repository\org\jvnet\localizer\localizer\1.31\localizer-1.31.jar;C:\Users\YT-Prakash\.m2\repository\org\jvnet\robust-http-client\robust-http-client\1.2\robust-http-client-1.2.jar;C:\Users\YT-Prakash\.m2\repository\org\jvnet\winp\winp\1.30\winp-1.30.jar;C:\Users\YT-Prakash\.m2\repository\org\kohsuke\access-modifier-annotation\1.33\access-modifier-annotation-1.33.jar;C:\Users\YT-Prakash\.m2\repository\org\kohsuke\windows-package-checker\1.2\windows-package-checker-1.2.jar;C:\Users\YT-Prakash\.m2\repository\org\kohsuke\jinterop\j-interop\2.0.8-kohsuke-1\j-interop-2.0.8-kohsuke-1.jar;C:\Users\YT-Prakash\.m2\repository\org\kohsuke\jinterop\j-interopdeps\2.0.8-kohsuke-1\j-interopdeps-2.0.8-kohsuke-1.jar;C:\Users\YT-Prakash\.m2\repository\org\samba\jcifs\jcifs\1.3.18-kohsuke-1\jcifs-1.3.18-kohsuke-1.jar;C:\Users\YT-Prakash\.m2\repository\org\kohsuke\stapler\json-lib\2.4-jenkins-7\json-lib-2.4-jenkins-7.jar;C:\Users\YT-Prakash\.m2\repository\org\kohsuke\stapler\stapler\1892.v73465f3d074d\stapler-1892.v73465f3d074d.jar;C:\Users\YT-Prakash\.m2\repository\commons-discovery\commons-discovery\0.5\commons-discovery-0.5.jar;C:\Users\YT-Prakash\.m2\repository\jakarta\annotation\jakarta.annotation-api\3.0.0\jakarta.annotation-api-3.0.0.jar;C:\Users\YT-Prakash\.m2\repository\javax\annotation\javax.annotation-api\1.3.2\javax.annotation-api-1.3.2.jar;C:\Users\YT-Prakash\.m2\repository\org\jvnet\tiger-types\2.2\tiger-types-2.2.jar;C:\Users\YT-Prakash\.m2\repository\org\kohsuke\stapler\stapler-adjunct-codemirror\1.3\stapler-adjunct-codemirror-1.3.jar;C:\Users\YT-Prakash\.m2\repository\org\kohsuke\stapler\stapler-groovy\1892.v73465f3d074d\stapler-groovy-1892.v73465f3d074d.jar;C:\Users\YT-Prakash\.m2\repository\org\kohsuke\stapler\stapler-jelly\1892.v73465f3d074d\stapler-jelly-1892.v73465f3d074d.jar;C:\Users\YT-Prakash\.m2\repository\org\dom4j\dom4j\2.1.4\dom4j-2.1.4.jar;C:\Users\YT-Prakash\.m2\repository\org\jenkins-ci\commons-jelly\1.1-jenkins-20240510\commons-jelly-1.1-jenkins-20240510.jar;C:\Users\YT-Prakash\.m2\repository\org\slf4j\jcl-over-slf4j\2.0.13\jcl-over-slf4j-2.0.13.jar;C:\Users\YT-Prakash\.m2\repository\org\slf4j\log4j-over-slf4j\2.0.13\log4j-over-slf4j-2.0.13.jar;C:\Users\YT-Prakash\.m2\repository\org\springframework\security\spring-security-web\5.8.13\spring-security-web-5.8.13.jar;C:\Users\YT-Prakash\.m2\repository\org\springframework\security\spring-security-core\5.8.13\spring-security-core-5.8.13.jar;C:\Users\YT-Prakash\.m2\repository\org\springframework\security\spring-security-crypto\5.8.13\spring-security-crypto-5.8.13.jar;C:\Users\YT-Prakash\.m2\repository\org\springframework\spring-core\5.3.37\spring-core-5.3.37.jar;C:\Users\YT-Prakash\.m2\repository\org\springframework\spring-aop\5.3.37\spring-aop-5.3.37.jar;C:\Users\YT-Prakash\.m2\repository\org\springframework\spring-beans\5.3.37\spring-beans-5.3.37.jar;C:\Users\YT-Prakash\.m2\repository\org\springframework\spring-context\5.3.37\spring-context-5.3.37.jar;C:\Users\YT-Prakash\.m2\repository\org\springframework\spring-expression\5.3.37\spring-expression-5.3.37.jar;C:\Users\YT-Prakash\.m2\repository\org\springframework\spring-web\5.3.37\spring-web-5.3.37.jar;C:\Users\YT-Prakash\.m2\repository\xpp3\xpp3\1.1.4c\xpp3-1.1.4c.jar;C:\Users\YT-Prakash\.m2\repository\org\jenkins-ci\plugins\structs\338.v848422169819\structs-338.v848422169819.jar;C:\Users\YT-Prakash\.m2\repository\org\jenkins-ci\plugins\workflow\workflow-basic-steps\1058.vcb_fc1e3a_21a_9\workflow-basic-steps-1058.vcb_fc1e3a_21a_9.jar;C:\Users\YT-Prakash\.m2\repository\io\jenkins\plugins\jakarta-mail-api\2.1.3-1\jakarta-mail-api-2.1.3-1.jar;C:\Users\YT-Prakash\.m2\repository\io\jenkins\plugins\jakarta-activation-api\2.1.3-1\jakarta-activation-api-2.1.3-1.jar;C:\Users\YT-Prakash\.m2\repository\jakarta\activation\jakarta.activation-api\2.1.3\jakarta.activation-api-2.1.3.jar;C:\Users\YT-Prakash\.m2\repository\org\eclipse\angus\angus-activation\2.0.2\angus-activation-2.0.2.jar;C:\Users\YT-Prakash\.m2\repository\jakarta\mail\jakarta.mail-api\2.1.3\jakarta.mail-api-2.1.3.jar;C:\Users\YT-Prakash\.m2\repository\org\eclipse\angus\angus-mail\2.0.3\angus-mail-2.0.3.jar;C:\Users\YT-Prakash\.m2\repository\org\jenkins-ci\plugins\workflow\workflow-step-api\678.v3ee58b_469476\workflow-step-api-678.v3ee58b_469476.jar;C:\Users\YT-Prakash\.m2\repository\org\jenkins-ci\plugins\mailer\470.vc91f60c5d8e2\mailer-470.vc91f60c5d8e2.jar;C:\Users\YT-Prakash\.m2\repository\org\jenkins-ci\plugins\display-url-api\2.204.vf6fddd8a_8b_e9\display-url-api-2.204.vf6fddd8a_8b_e9.jar;C:\Users\YT-Prakash\.m2\repository\org\jenkins-ci\modules\instance-identity\185.v303dc7c645f9\instance-identity-185.v303dc7c645f9.jar;C:\Users\YT-Prakash\.m2\repository\org\jenkins-ci\plugins\bouncycastle-api\2.30.1.78.1-248.ve27176eb_46cb_\bouncycastle-api-2.30.1.78.1-248.ve27176eb_46cb_.jar;C:\Users\YT-Prakash\.m2\repository\org\bouncycastle\bcpkix-jdk18on\1.78.1\bcpkix-jdk18on-1.78.1.jar;C:\Users\YT-Prakash\.m2\repository\org\bouncycastle\bcprov-jdk18on\1.78.1\bcprov-jdk18on-1.78.1.jar;C:\Users\YT-Prakash\.m2\repository\org\bouncycastle\bcutil-jdk18on\1.78.1\bcutil-jdk18on-1.78.1.jar;C:\Users\YT-Prakash\.m2\repository\org\jenkins-ci\plugins\workflow\workflow-api\1322.v857eeeea_9902\workflow-api-1322.v857eeeea_9902.jar;C:\Users\YT-Prakash\.m2\repository\org\jenkins-ci\plugins\apache-httpcomponents-client-4-api\4.5.14-208.v438351942757\apache-httpcomponents-client-4-api-4.5.14-208.v438351942757.jar;C:\Users\YT-Prakash\.m2\repository\org\apache\httpcomponents\fluent-hc\4.5.14\fluent-hc-4.5.14.jar;C:\Users\YT-Prakash\.m2\repository\org\apache\httpcomponents\httpasyncclient\4.1.5\httpasyncclient-4.1.5.jar;C:\Users\YT-Prakash\.m2\repository\org\apache\httpcomponents\httpasyncclient-cache\4.1.5\httpasyncclient-cache-4.1.5.jar;C:\Users\YT-Prakash\.m2\repository\org\apache\httpcomponents\httpclient\4.5.14\httpclient-4.5.14.jar;C:\Users\YT-Prakash\.m2\repository\org\apache\httpcomponents\httpclient-cache\4.5.14\httpclient-cache-4.5.14.jar;C:\Users\YT-Prakash\.m2\repository\org\apache\httpcomponents\httpcore\4.4.16\httpcore-4.4.16.jar;C:\Users\YT-Prakash\.m2\repository\org\apache\httpcomponents\httpcore-nio\4.4.16\httpcore-nio-4.4.16.jar;C:\Users\YT-Prakash\.m2\repository\org\apache\httpcomponents\httpmime\4.5.14\httpmime-4.5.14.jar;C:\Users\YT-Prakash\.m2\repository\org\jenkins-ci\plugins\workflow\workflow-cps\3908.vd6b_b_5a_a_54010\workflow-cps-3908.vd6b_b_5a_a_54010.jar;C:\Users\YT-Prakash\.m2\repository\io\jenkins\plugins\ionicons-api\74.v93d5eb_813d5f\ionicons-api-74.v93d5eb_813d5f.jar;C:\Users\YT-Prakash\.m2\repository\org\jenkins-ci\plugins\workflow\workflow-support\920.v59f71ce16f04\workflow-support-920.v59f71ce16f04.jar;C:\Users\YT-Prakash\.m2\repository\io\jenkins\plugins\caffeine-api\3.1.8-133.v17b_1ff2e0599\caffeine-api-3.1.8-133.v17b_1ff2e0599.jar;C:\Users\YT-Prakash\.m2\repository\com\github\ben-manes\caffeine\caffeine\3.1.8\caffeine-3.1.8.jar;C:\Users\YT-Prakash\.m2\repository\org\jboss\marshalling\jboss-marshalling-river\2.1.3.Final\jboss-marshalling-river-2.1.3.Final.jar;C:\Users\YT-Prakash\.m2\repository\org\jboss\marshalling\jboss-marshalling\2.1.3.Final\jboss-marshalling-2.1.3.Final.jar;C:\Users\YT-Prakash\.m2\repository\org\jenkins-ci\plugins\workflow\workflow-scm-step\427.v4ca_6512e7df1\workflow-scm-step-427.v4ca_6512e7df1.jar;C:\Users\YT-Prakash\.m2\repository\org\jenkins-ci\plugins\script-security\1341.va_2819b_414686\script-security-1341.va_2819b_414686.jar;C:\Users\YT-Prakash\.m2\repository\org\kohsuke\groovy-sandbox\1.34\groovy-sandbox-1.34.jar;C:\Users\YT-Prakash\.m2\repository\org\jenkins-ci\plugins\scm-api\690.vfc8b_54395023\scm-api-690.vfc8b_54395023.jar;C:\Users\YT-Prakash\.m2\repository\io\jenkins\plugins\asm-api\9.7-33.v4d23ef79fcc8\asm-api-9.7-33.v4d23ef79fcc8.jar;C:\Users\YT-Prakash\.m2\repository\org\ow2\asm\asm\9.5\asm-9.5.jar;C:\Users\YT-Prakash\.m2\repository\org\ow2\asm\asm-analysis\9.7\asm-analysis-9.7.jar;C:\Users\YT-Prakash\.m2\repository\org\ow2\asm\asm-commons\9.7\asm-commons-9.7.jar;C:\Users\YT-Prakash\.m2\repository\org\ow2\asm\asm-tree\9.7\asm-tree-9.7.jar;C:\Users\YT-Prakash\.m2\repository\org\ow2\asm\asm-util\9.7\asm-util-9.7.jar;C:\Users\YT-Prakash\.m2\repository\com\cloudbees\groovy-cps\3908.vd6b_b_5a_a_54010\groovy-cps-3908.vd6b_b_5a_a_54010.jar;C:\Users\YT-Prakash\.m2\repository\com\cloudbees\diff4j\1.3\diff4j-1.3.jar;C:\Users\YT-Prakash\.m2\repository\org\jenkins-ci\plugins\workflow\workflow-durable-task-step\1331.vc8c2fed35334\workflow-durable-task-step-1331.vc8c2fed35334.jar;C:\Users\YT-Prakash\.m2\repository\org\jenkins-ci\plugins\durable-task\555.v6802fe0f0b_82\durable-task-555.v6802fe0f0b_82.jar;C:\Users\YT-Prakash\.m2\repository\io\jenkins\plugins\lib-durable-task\48.v72b_86b_9ca_8e1\lib-durable-task-48.v72b_86b_9ca_8e1.jar;C:\Users\YT-Prakash\.m2\repository\org\jenkins-ci\plugins\workflow\workflow-job\1385.vb_58b_86ea_fff1\workflow-job-1385.vb_58b_86ea_fff1.jar;C:\Users\YT-Prakash\.m2\repository\org\apache\httpcomponents\client5\httpclient5\5.3.1\httpclient5-5.3.1.jar;C:\Users\YT-Prakash\.m2\repository\org\apache\httpcomponents\core5\httpcore5\5.2.4\httpcore5-5.2.4.jar;C:\Users\YT-Prakash\.m2\repository\org\apache\httpcomponents\core5\httpcore5-h2\5.2.4\httpcore5-h2-5.2.4.jar;C:\Users\YT-Prakash\.m2\repository\org\slf4j\slf4j-api\2.0.13\slf4j-api-2.0.13.jar;C:\Users\YT-Prakash\.m2\repository\commons-io\commons-io\2.16.1\commons-io-2.16.1.jar;C:\Users\YT-Prakash\.m2\repository\org\json\json\20240303\json-20240303.jar;C:\Users\YT-Prakash\.m2\repository\org\jenkins-ci\main\jenkins-war\2.470\jenkins-war-2.470.war;C:\Users\YT-Prakash\.m2\repository\org\jenkins-ci\main\websocket-jetty10\2.470\websocket-jetty10-2.470.jar;C:\Users\YT-Prakash\.m2\repository\org\slf4j\slf4j-jdk14\2.0.13\slf4j-jdk14-2.0.13.jar;C:\Users\YT-Prakash\.m2\repository\jakarta\servlet\jakarta.servlet-api\4.0.4\jakarta.servlet-api-4.0.4.jar;C:\Users\YT-Prakash\.m2\repository\commons-logging\commons-logging\1.3.3\commons-logging-1.3.3.jar;C:\Users\YT-Prakash\.m2\repository\org\jenkins-ci\main\jenkins-test-harness\2225.2227.vfc00092c557a_\jenkins-test-harness-2225.2227.vfc00092c557a_.jar;C:\Users\YT-Prakash\.m2\repository\io\jenkins\lib\support-log-formatter\1.2\support-log-formatter-1.2.jar;C:\Users\YT-Prakash\.m2\repository\junit\junit\4.13.2\junit-4.13.2.jar;C:\Users\YT-Prakash\.m2\repository\org\hamcrest\hamcrest-core\2.2\hamcrest-core-2.2.jar;C:\Users\YT-Prakash\.m2\repository\org\eclipse\jetty\jetty-security\10.0.21\jetty-security-10.0.21.jar;C:\Users\YT-Prakash\.m2\repository\org\eclipse\jetty\jetty-server\10.0.21\jetty-server-10.0.21.jar;C:\Users\YT-Prakash\.m2\repository\org\eclipse\jetty\jetty-http\10.0.21\jetty-http-10.0.21.jar;C:\Users\YT-Prakash\.m2\repository\org\eclipse\jetty\jetty-io\10.0.21\jetty-io-10.0.21.jar;C:\Users\YT-Prakash\.m2\repository\org\eclipse\jetty\jetty-webapp\10.0.21\jetty-webapp-10.0.21.jar;C:\Users\YT-Prakash\.m2\repository\org\eclipse\jetty\jetty-servlet\10.0.21\jetty-servlet-10.0.21.jar;C:\Users\YT-Prakash\.m2\repository\org\eclipse\jetty\jetty-xml\10.0.21\jetty-xml-10.0.21.jar;C:\Users\YT-Prakash\.m2\repository\org\eclipse\jetty\jetty-util\10.0.21\jetty-util-10.0.21.jar;C:\Users\YT-Prakash\.m2\repository\org\eclipse\jetty\websocket\websocket-jetty-server\10.0.21\websocket-jetty-server-10.0.21.jar;C:\Users\YT-Prakash\.m2\repository\org\eclipse\jetty\toolchain\jetty-servlet-api\4.0.6\jetty-servlet-api-4.0.6.jar;C:\Users\YT-Prakash\.m2\repository\org\eclipse\jetty\websocket\websocket-jetty-api\10.0.21\websocket-jetty-api-10.0.21.jar;C:\Users\YT-Prakash\.m2\repository\org\eclipse\jetty\websocket\websocket-jetty-common\10.0.21\websocket-jetty-common-10.0.21.jar;C:\Users\YT-Prakash\.m2\repository\org\eclipse\jetty\websocket\websocket-core-common\10.0.21\websocket-core-common-10.0.21.jar;C:\Users\YT-Prakash\.m2\repository\org\eclipse\jetty\websocket\websocket-servlet\10.0.21\websocket-servlet-10.0.21.jar;C:\Users\YT-Prakash\.m2\repository\org\eclipse\jetty\websocket\websocket-core-server\10.0.21\websocket-core-server-10.0.21.jar;C:\Users\YT-Prakash\.m2\repository\org\hamcrest\hamcrest\2.2\hamcrest-2.2.jar;C:\Users\YT-Prakash\.m2\repository\org\jenkins-ci\main\jenkins-test-harness-htmlunit\183.v9742e5ca_c784\jenkins-test-harness-htmlunit-183.v9742e5ca_c784.jar;C:\Users\YT-Prakash\.m2\repository\org\junit\jupiter\junit-jupiter-api\5.10.3\junit-jupiter-api-5.10.3.jar;C:\Users\YT-Prakash\.m2\repository\org\opentest4j\opentest4j\1.3.0\opentest4j-1.3.0.jar;C:\Users\YT-Prakash\.m2\repository\org\junit\platform\junit-platform-commons\1.10.3\junit-platform-commons-1.10.3.jar;C:\Users\YT-Prakash\.m2\repository\org\netbeans\modules\org-netbeans-insane\RELEASE200\org-netbeans-insane-RELEASE200.jar;C:\Users\YT-Prakash\.m2\repository\org\openjdk\jmh\jmh-core\1.37\jmh-core-1.37.jar;C:\Users\YT-Prakash\.m2\repository\net\sf\jopt-simple\jopt-simple\5.0.4\jopt-simple-5.0.4.jar;C:\Users\YT-Prakash\.m2\repository\org\apache\commons\commons-math3\3.6.1\commons-math3-3.6.1.jar;C:\Users\YT-Prakash\.m2\repository\org\openjdk\jmh\jmh-generator-annprocess\1.37\jmh-generator-annprocess-1.37.jar;C:\Users\YT-Prakash\.m2\repository\org\jenkins-ci\test-annotations\1.4\test-annotations-1.4.jar;C:\Users\YT-Prakash\.m2\repository\org\junit\jupiter\junit-jupiter\5.10.3\junit-jupiter-5.10.3.jar;C:\Users\YT-Prakash\.m2\repository\org\junit\jupiter\junit-jupiter-params\5.10.3\junit-jupiter-params-5.10.3.jar;C:\Users\YT-Prakash\.m2\repository\org\junit\jupiter\junit-jupiter-engine\5.10.3\junit-jupiter-engine-5.10.3.jar;C:\Users\YT-Prakash\.m2\repository\org\junit\vintage\junit-vintage-engine\5.10.3\junit-vintage-engine-5.10.3.jar;C:\Users\YT-Prakash\.m2\repository\org\junit\platform\junit-platform-engine\1.10.3\junit-platform-engine-1.10.3.jar;C:\Users\YT-Prakash\.m2\repository\org\apiguardian\apiguardian-api\1.1.2\apiguardian-api-1.1.2.jar;"/>
    <property name="sun.cpu.endian" value="little"/>
    <property name="mail.smtps.sendpartial" value="true"/>
    <property name="user.home" value="C:\Users\YT-Prakash"/>
    <property name="user.language" value="en"/>
    <property name="java.specification.vendor" value="Oracle Corporation"/>
    <property name="java.version.date" value="2024-01-16"/>
    <property name="java.home" value="C:\Program Files\Java\jdk-21"/>
    <property name="surefire.forkNumber" value="1"/>
    <property name="file.separator" value="\"/>
    <property name="basedir" value="D:\JenkinsPlugin\api-plugin"/>
    <property name="style.color" value="always"/>
    <property name="java.vm.compressedOopsMode" value="32-bit"/>
    <property name="line.separator" value="&#10;"/>
    <property name="java.vm.specification.vendor" value="Oracle Corporation"/>
    <property name="java.specification.name" value="Java Platform API Specification"/>
    <property name="java.awt.headless" value="true"/>
    <property name="org.eclipse.jetty.server.Request.maxFormContentSize" value="-1"/>
    <property name="surefire.real.class.path" value="C:\Users\YT-Prakash\AppData\Local\Temp\surefire8732941693311025870\surefirebooter-20240731144830972_3.jar"/>
    <property name="user.script" value=""/>
    <property name="sun.management.compiler" value="HotSpot 64-Bit Tiered Compilers"/>
    <property name="java.runtime.version" value="21.0.2+13-LTS-58"/>
    <property name="user.name" value="YT-Prakash"/>
    <property name="stdout.encoding" value="Cp1252"/>
    <property name="path.separator" value=";"/>
    <property name="os.version" value="10.0"/>
    <property name="java.runtime.name" value="Java(TM) SE Runtime Environment"/>
    <property name="file.encoding" value="UTF-8"/>
    <property name="jnidispatch.path" value="D:\JenkinsPlugin\api-plugin\target\tmp\jna-647341176\jna17440331829063163906.dll"/>
    <property name="java.vm.name" value="Java HotSpot(TM) 64-Bit Server VM"/>
    <property name="mail.smtp.sendpartial" value="true"/>
    <property name="localRepository" value="C:\Users\YT-Prakash\.m2\repository"/>
    <property name="jna.loaded" value="true"/>
    <property name="java.vendor.url.bug" value="https://bugreport.java.com/bugreport/"/>
    <property name="jetty.git.hash" value="12306d38ad57ba40dfb2b850a2900ff2de8e0357"/>
    <property name="java.io.tmpdir" value="D:\JenkinsPlugin\api-plugin\target/tmp"/>
    <property name="java.version" value="21.0.2"/>
    <property name="user.dir" value="D:\JenkinsPlugin\api-plugin"/>
    <property name="os.arch" value="amd64"/>
    <property name="jenkins.model.Jenkins.SHOW_STACK_TRACE" value="true"/>
    <property name="java.vm.specification.name" value="Java Virtual Machine Specification"/>
    <property name="sun.os.patch.level" value=""/>
    <property name="native.encoding" value="Cp1252"/>
    <property name="java.library.path" value="C:\Program Files\Java\jdk-21\bin;C:\WINDOWS\Sun\Java\bin;C:\WINDOWS\system32;C:\WINDOWS;E:/sts-4.22.1.RELEASE//plugins/org.eclipse.justj.openjdk.hotspot.jre.full.win32.x86_64_22.0.1.v20240426-1149/jre/bin/server;E:/sts-4.22.1.RELEASE//plugins/org.eclipse.justj.openjdk.hotspot.jre.full.win32.x86_64_22.0.1.v20240426-1149/jre/bin;C:\Python312\Scripts\;C:\Python312\;C:\Program Files\Common Files\Oracle\Java\javapath;C:\WINDOWS\system32;C:\WINDOWS;C:\WINDOWS\System32\Wbem;C:\WINDOWS\System32\WindowsPowerShell\v1.0\;C:\WINDOWS\System32\OpenSSH\;C:\Program Files\dotnet\;C:\Program Files\Go\bin;C:\ProgramData\chocolatey\bin;C:\Program Files\Git\cmd;C:\Program Files\nodejs\;C:\Program Files\Docker\Docker\resources\bin;C:\Users\YT-Prakash\AppData\Local\Microsoft\WindowsApps;C:\Program Files\Java\jdk-22\bin;C:\apache-maven-3.9.6\bin;E:\apache-jmeter-5.6.3\bin;E:\sonarqube-10.6.0.92116\bin;C:\Users\YT-Prakash\AppData\Local\Microsoft\WinGet\Packages\Hugo.Hugo.Extended_Microsoft.Winget.Source_8wekyb3d8bbwe;C:\Users\YT-Prakash\go\bin;C:\Program Files\nodejs;C:\Users\YT-Prakash\AppData\Local\Microsoft\WinGet\Links;C:\Users\YT-Prakash\AppData\Roaming\npm;D:\apache-tomcat-11.0.0-M22\bin;;E:\sts-4.22.1.RELEASE;;."/>
    <property name="java.vm.info" value="mixed mode, emulated-client"/>
    <property name="stderr.encoding" value="Cp1252"/>
    <property name="java.vendor" value="Oracle Corporation"/>
    <property name="java.vm.version" value="21.0.2+13-LTS-58"/>
    <property name="sun.io.unicode.encoding" value="UnicodeLittle"/>
    <property name="java.class.version" value="65.0"/>
  </properties>
  <testcase name="" classname="org.jvnet.hudson.test.JellyTestSuiteBuilder$JellyCheck" time="0.035">
    <system-out><![CDATA[Running tests for io.jenkins.plugins:api-plugin:1.0
]]></system-out>
    <system-err><![CDATA[Jul 31, 2024 2:48:32 PM org.jvnet.hudson.test.WarExploder explode
INFO: Picking up existing exploded jenkins.war at D:\JenkinsPlugin\api-plugin\target\jenkins-for-test
Jul 31, 2024 2:48:32 PM org.eclipse.jetty.server.handler.ContextHandler setContextPath
WARNING: Empty contextPath
Jul 31, 2024 2:48:32 PM org.eclipse.jetty.server.Server doStart
INFO: jetty-10.0.21; built: 2024-05-14T02:26:29.142Z; git: 12306d38ad57ba40dfb2b850a2900ff2de8e0357; jvm 21.0.2+13-LTS-58
Jul 31, 2024 2:48:32 PM org.eclipse.jetty.webapp.StandardDescriptorProcessor visitServlet
INFO: NO JSP Support for /, did not find org.eclipse.jetty.jsp.JettyJspServlet
Jul 31, 2024 2:48:32 PM org.eclipse.jetty.server.session.DefaultSessionIdManager doStart
INFO: Session workerName=node0
Jul 31, 2024 2:48:33 PM org.eclipse.jetty.server.handler.ContextHandler doStart
INFO: Started o.e.j.w.WebAppContext@6bbe50c9{Jenkins v2.470,/,file:///D:/JenkinsPlugin/api-plugin/target/jenkins-for-test/,AVAILABLE}{D:\JenkinsPlugin\api-plugin\target\jenkins-for-test}
Jul 31, 2024 2:48:33 PM org.eclipse.jetty.server.AbstractConnector doStart
INFO: Started ServerConnector@1a35993f{HTTP/1.1, (http/1.1)}{localhost:51532}
Jul 31, 2024 2:48:33 PM org.eclipse.jetty.server.Server doStart
INFO: Started Server@3104f7bd{STARTING}[10.0.21,sto=0] @1825ms
Jul 31, 2024 2:48:33 PM jenkins.InitReactorRunner$1 onAttained
INFO: Started initialization
Jul 31, 2024 2:48:36 PM jenkins.InitReactorRunner$1 onAttained
INFO: Listed all plugins
Jul 31, 2024 2:48:36 PM jenkins.bouncycastle.api.BouncyCastlePlugin start
INFO: D:\JenkinsPlugin\api-plugin\target\tmp\j h3366215434811850029\plugins\bouncycastle-api\WEB-INF\optional-lib not found; for non RealJenkinsRule this is fine and can be ignored.
Jul 31, 2024 2:48:37 PM jenkins.InitReactorRunner$1 onAttained
INFO: Prepared all plugins
Jul 31, 2024 2:48:37 PM jenkins.InitReactorRunner$1 onAttained
INFO: Started all plugins
Jul 31, 2024 2:48:37 PM jenkins.InitReactorRunner$1 onAttained
INFO: Augmented all extensions
Jul 31, 2024 2:48:38 PM jenkins.InitReactorRunner$1 onAttained
INFO: System config loaded
Jul 31, 2024 2:48:38 PM jenkins.InitReactorRunner$1 onAttained
INFO: System config adapted
Jul 31, 2024 2:48:38 PM jenkins.InitReactorRunner$1 onAttained
INFO: Loaded all jobs
Jul 31, 2024 2:48:38 PM jenkins.InitReactorRunner$1 onAttained
INFO: Configuration for all jobs updated
Jul 31, 2024 2:48:38 PM jenkins.InitReactorRunner$1 onAttained
INFO: Completed initialization
Jul 31, 2024 2:48:39 PM org.eclipse.jetty.server.Server doStart
INFO: jetty-10.0.21; built: 2024-05-14T02:26:29.142Z; git: 12306d38ad57ba40dfb2b850a2900ff2de8e0357; jvm 21.0.2+13-LTS-58
Jul 31, 2024 2:48:39 PM org.eclipse.jetty.server.session.DefaultSessionIdManager doStart
INFO: Session workerName=node0
Jul 31, 2024 2:48:39 PM org.eclipse.jetty.server.handler.ContextHandler doStart
INFO: Started o.e.j.s.ServletContextHandler@433c6abb{/,null,AVAILABLE}
Jul 31, 2024 2:48:39 PM org.eclipse.jetty.server.AbstractConnector doStart
INFO: Started ServerConnector@a22c4d8{HTTP/1.1, (http/1.1)}{0.0.0.0:51538}
Jul 31, 2024 2:48:39 PM org.eclipse.jetty.server.Server doStart
INFO: Started Server@6504a875{STARTING}[10.0.21,sto=0] @7791ms
]]></system-err>
  </testcase>
  <testcase name="" classname="org.jvnet.hudson.test.JellyTestSuiteBuilder$JellyCheck" time="0.083"/>
  <testcase name="testCliSanity" classname="io.jenkins.plugins.api_plugin.InjectedTest" time="0.008"/>
  <testcase name="testPluginActive" classname="io.jenkins.plugins.api_plugin.InjectedTest" time="0.0"/>
  <testcase name="" classname="org.jvnet.hudson.test.junit.FailedTest" time="0.001">
    <system-err><![CDATA[Jul 31, 2024 2:48:41 PM org.htmlunit.javascript.JavaScriptEngine callSecured
INFO: execute() called after the shutdown of the Javascript engine and therefore not processed
Jul 31, 2024 2:48:41 PM org.htmlunit.javascript.JavaScriptEngine callSecured
INFO: execute() called after the shutdown of the Javascript engine and therefore not processed
Jul 31, 2024 2:48:41 PM org.eclipse.jetty.server.Server doStop
INFO: Stopped Server@3104f7bd{STOPPING}[10.0.21,sto=0]
Jul 31, 2024 2:48:41 PM org.eclipse.jetty.server.AbstractConnector doStop
INFO: Stopped ServerConnector@1a35993f{HTTP/1.1, (http/1.1)}{localhost:0}
Jul 31, 2024 2:48:41 PM org.eclipse.jetty.server.handler.ContextHandler doStop
INFO: Stopped o.e.j.w.WebAppContext@6bbe50c9{Jenkins v2.470,/,file:///D:/JenkinsPlugin/api-plugin/target/jenkins-for-test/,STOPPED}{D:\JenkinsPlugin\api-plugin\target\jenkins-for-test}
Jul 31, 2024 2:48:41 PM hudson.lifecycle.Lifecycle onStatusUpdate
INFO: Stopping Jenkins
Jul 31, 2024 2:48:41 PM hudson.lifecycle.Lifecycle onStatusUpdate
INFO: Jenkins stopped
Jul 31, 2024 2:48:41 PM org.jvnet.hudson.test.TemporaryDirectoryAllocator dispose
INFO: deleting D:\JenkinsPlugin\api-plugin\target\tmp\j h3366215434811850029
]]></system-err>
  </testcase>
</testsuite>